{
  "0 debug pnpm:scope": {
    "selected": 1
  },
  "1 debug pnpm:package-manifest": {
    "initial": {
      "name": "vue3-app",
      "private": true,
      "version": "0.0.0",
      "scripts": {
        "dev": "vite",
        "build": "vite build && node vite-build-zip.js && vite preview",
        "build:test": "vite build --mode test && node vite-build-zip.js",
        "preview": "vite preview"
      },
      "dependencies": {
        "@ethersproject/experimental": "^5.6.2",
        "bignumber.js": "^9.0.2",
        "ethereum-input-data-decoder": "^0.4.1",
        "ethereumjs-tx": "^2.1.2",
        "ethers": "^5.6.8",
        "less": "^4.1.3",
        "less-loader": "^11.0.0",
        "postcss-px2rem": "^0.3.0",
        "qs": "^6.10.5",
        "vant": "^3.5.1",
        "vue": "^3.2.25",
        "vue-router": "^4.0.16",
        "vuex": "^4.0.2",
        "web3": "^1.7.3"
      },
      "devDependencies": {
        "@types/js-cookie": "^3.0.0",
        "@types/node": "^16.11.6",
        "@typescript-eslint/eslint-plugin": "^5.3.0",
        "@typescript-eslint/parser": "^5.3.0",
        "@vitejs/plugin-legacy": "^1.6.2",
        "@vitejs/plugin-vue": "^2.3.3",
        "@vitejs/plugin-vue-jsx": "^1.2.0",
        "amfe-flexible": "^2.2.1",
        "eslint": "^7.32.0",
        "eslint-config-airbnb-base": "^14.2.1",
        "eslint-plugin-import": "^2.25.2",
        "eslint-plugin-vue": "^8.0.3",
        "lint-staged": "^12.1.2",
        "postcss-pxtorem": "^6.0.0",
        "typescript": "^4.5.4",
        "typescript-plugin-css-modules": "^3.4.0",
        "vite": "^2.9.9",
        "vite-plugin-compression": "^0.3.5",
        "vite-plugin-style-import": "^1.3.0",
        "vue-tsc": "^0.34.7",
        "webpack": "^5.0.0"
      }
    },
    "prefix": "/Users/zhdf/Documents/outsideProject/vue3-app"
  },
  "2 debug pnpm:context": {
    "currentLockfileExists": false,
    "storeDir": "/Users/zhdf/Library/pnpm/store/v3",
    "virtualStoreDir": "/Users/zhdf/Documents/outsideProject/vue3-app/node_modules/.pnpm"
  },
  "3 debug pnpm:stage": {
    "prefix": "/Users/zhdf/Documents/outsideProject/vue3-app",
    "stage": "resolution_started"
  },
  "4 debug pnpm:_dependency_resolved": {
    "resolution": "registry.npmjs.org/@types/js-cookie/3.0.2",
    "wanted": {
      "dependentId": ".",
      "name": "@types/js-cookie",
      "rawSpec": "^3.0.0"
    }
  },
  "5 debug pnpm:_dependency_resolved": {
    "resolution": "registry.npmjs.org/@types/node/16.11.39",
    "wanted": {
      "dependentId": ".",
      "name": "@types/node",
      "rawSpec": "^16.11.6"
    }
  },
  "6 debug pnpm:_dependency_resolved": {
    "resolution": "registry.npmjs.org/@typescript-eslint/eslint-plugin/5.28.0",
    "wanted": {
      "dependentId": ".",
      "name": "@typescript-eslint/eslint-plugin",
      "rawSpec": "^5.3.0"
    }
  },
  "7 debug pnpm:_dependency_resolved": {
    "resolution": "registry.npmjs.org/@typescript-eslint/parser/5.28.0",
    "wanted": {
      "dependentId": ".",
      "name": "@typescript-eslint/parser",
      "rawSpec": "^5.3.0"
    }
  },
  "8 debug pnpm:_dependency_resolved": {
    "resolution": "registry.npmjs.org/@vitejs/plugin-legacy/1.8.2",
    "wanted": {
      "dependentId": ".",
      "name": "@vitejs/plugin-legacy",
      "rawSpec": "^1.6.2"
    }
  },
  "9 debug pnpm:_dependency_resolved": {
    "resolution": "registry.npmjs.org/@vitejs/plugin-vue/2.3.3",
    "wanted": {
      "dependentId": ".",
      "name": "@vitejs/plugin-vue",
      "rawSpec": "^2.3.3"
    }
  },
  "10 debug pnpm:_dependency_resolved": {
    "resolution": "registry.npmjs.org/@vitejs/plugin-vue-jsx/1.3.10",
    "wanted": {
      "dependentId": ".",
      "name": "@vitejs/plugin-vue-jsx",
      "rawSpec": "^1.2.0"
    }
  },
  "11 debug pnpm:_dependency_resolved": {
    "resolution": "registry.npmjs.org/amfe-flexible/2.2.1",
    "wanted": {
      "dependentId": ".",
      "name": "amfe-flexible",
      "rawSpec": "^2.2.1"
    }
  },
  "12 debug pnpm:_dependency_resolved": {
    "resolution": "registry.npmjs.org/eslint/7.32.0",
    "wanted": {
      "dependentId": ".",
      "name": "eslint",
      "rawSpec": "^7.32.0"
    }
  },
  "13 debug pnpm:_dependency_resolved": {
    "resolution": "registry.npmjs.org/eslint-config-airbnb-base/14.2.1",
    "wanted": {
      "dependentId": ".",
      "name": "eslint-config-airbnb-base",
      "rawSpec": "^14.2.1"
    }
  },
  "14 debug pnpm:_dependency_resolved": {
    "resolution": "registry.npmjs.org/eslint-plugin-import/2.26.0",
    "wanted": {
      "dependentId": ".",
      "name": "eslint-plugin-import",
      "rawSpec": "^2.25.2"
    }
  },
  "15 debug pnpm:_dependency_resolved": {
    "resolution": "registry.npmjs.org/eslint-plugin-vue/8.7.1",
    "wanted": {
      "dependentId": ".",
      "name": "eslint-plugin-vue",
      "rawSpec": "^8.0.3"
    }
  },
  "16 debug pnpm:_dependency_resolved": {
    "resolution": "registry.npmjs.org/lint-staged/12.5.0",
    "wanted": {
      "dependentId": ".",
      "name": "lint-staged",
      "rawSpec": "^12.1.2"
    }
  },
  "17 debug pnpm:_dependency_resolved": {
    "resolution": "registry.npmjs.org/postcss-pxtorem/6.0.0",
    "wanted": {
      "dependentId": ".",
      "name": "postcss-pxtorem",
      "rawSpec": "^6.0.0"
    }
  },
  "18 debug pnpm:_dependency_resolved": {
    "resolution": "registry.npmjs.org/typescript/4.7.3",
    "wanted": {
      "dependentId": ".",
      "name": "typescript",
      "rawSpec": "^4.5.4"
    }
  },
  "19 debug pnpm:_dependency_resolved": {
    "resolution": "registry.npmjs.org/typescript-plugin-css-modules/3.4.0",
    "wanted": {
      "dependentId": ".",
      "name": "typescript-plugin-css-modules",
      "rawSpec": "^3.4.0"
    }
  },
  "20 debug pnpm:_dependency_resolved": {
    "resolution": "registry.npmjs.org/vite/2.9.12",
    "wanted": {
      "dependentId": ".",
      "name": "vite",
      "rawSpec": "^2.9.9"
    }
  },
  "21 debug pnpm:_dependency_resolved": {
    "resolution": "registry.npmjs.org/vite-plugin-compression/0.3.6",
    "wanted": {
      "dependentId": ".",
      "name": "vite-plugin-compression",
      "rawSpec": "^0.3.5"
    }
  },
  "22 debug pnpm:_dependency_resolved": {
    "resolution": "registry.npmjs.org/vite-plugin-style-import/1.4.1",
    "wanted": {
      "dependentId": ".",
      "name": "vite-plugin-style-import",
      "rawSpec": "^1.3.0"
    }
  },
  "23 debug pnpm:_dependency_resolved": {
    "resolution": "registry.npmjs.org/vue-tsc/0.34.17",
    "wanted": {
      "dependentId": ".",
      "name": "vue-tsc",
      "rawSpec": "^0.34.7"
    }
  },
  "24 debug pnpm:_dependency_resolved": {
    "resolution": "registry.npmjs.org/webpack/5.73.0",
    "wanted": {
      "dependentId": ".",
      "name": "webpack",
      "rawSpec": "^5.0.0"
    }
  },
  "25 debug pnpm:_dependency_resolved": {
    "resolution": "registry.npmjs.org/@ethersproject/experimental/5.6.2",
    "wanted": {
      "dependentId": ".",
      "name": "@ethersproject/experimental",
      "rawSpec": "^5.6.2"
    }
  },
  "26 debug pnpm:_dependency_resolved": {
    "resolution": "registry.npmjs.org/bignumber.js/9.0.2",
    "wanted": {
      "dependentId": ".",
      "name": "bignumber.js",
      "rawSpec": "^9.0.2"
    }
  },
  "27 debug pnpm:_dependency_resolved": {
    "resolution": "registry.npmjs.org/ethereum-input-data-decoder/0.4.1",
    "wanted": {
      "dependentId": ".",
      "name": "ethereum-input-data-decoder",
      "rawSpec": "^0.4.1"
    }
  },
  "28 debug pnpm:_dependency_resolved": {
    "resolution": "registry.npmjs.org/ethereumjs-tx/2.1.2",
    "wanted": {
      "dependentId": ".",
      "name": "ethereumjs-tx",
      "rawSpec": "^2.1.2"
    }
  },
  "29 debug pnpm:_dependency_resolved": {
    "resolution": "registry.npmjs.org/ethers/5.6.8",
    "wanted": {
      "dependentId": ".",
      "name": "ethers",
      "rawSpec": "^5.6.8"
    }
  },
  "30 debug pnpm:_dependency_resolved": {
    "resolution": "registry.npmjs.org/less/4.1.3",
    "wanted": {
      "dependentId": ".",
      "name": "less",
      "rawSpec": "^4.1.3"
    }
  },
  "31 debug pnpm:_dependency_resolved": {
    "resolution": "registry.npmjs.org/less-loader/11.0.0",
    "wanted": {
      "dependentId": ".",
      "name": "less-loader",
      "rawSpec": "^11.0.0"
    }
  },
  "32 debug pnpm:_dependency_resolved": {
    "resolution": "registry.npmjs.org/postcss-px2rem/0.3.0",
    "wanted": {
      "dependentId": ".",
      "name": "postcss-px2rem",
      "rawSpec": "^0.3.0"
    }
  },
  "33 debug pnpm:_dependency_resolved": {
    "resolution": "registry.npmjs.org/qs/6.10.5",
    "wanted": {
      "dependentId": ".",
      "name": "qs",
      "rawSpec": "^6.10.5"
    }
  },
  "34 debug pnpm:_dependency_resolved": {
    "resolution": "registry.npmjs.org/vant/3.5.1",
    "wanted": {
      "dependentId": ".",
      "name": "vant",
      "rawSpec": "^3.5.1"
    }
  },
  "35 debug pnpm:_dependency_resolved": {
    "resolution": "registry.npmjs.org/vue/3.2.37",
    "wanted": {
      "dependentId": ".",
      "name": "vue",
      "rawSpec": "^3.2.25"
    }
  },
  "36 debug pnpm:_dependency_resolved": {
    "resolution": "registry.npmjs.org/vue-router/4.0.16",
    "wanted": {
      "dependentId": ".",
      "name": "vue-router",
      "rawSpec": "^4.0.16"
    }
  },
  "37 debug pnpm:_dependency_resolved": {
    "resolution": "registry.npmjs.org/vuex/4.0.2",
    "wanted": {
      "dependentId": ".",
      "name": "vuex",
      "rawSpec": "^4.0.2"
    }
  },
  "38 debug pnpm:_dependency_resolved": {
    "resolution": "registry.npmjs.org/web3/1.7.3",
    "wanted": {
      "dependentId": ".",
      "name": "web3",
      "rawSpec": "^1.7.3"
    }
  },
  "39 debug pnpm:progress": {
    "packageId": "registry.npmjs.org/@types/js-cookie/3.0.2",
    "requester": "/Users/zhdf/Documents/outsideProject/vue3-app",
    "status": "found_in_store"
  },
  "40 debug pnpm:progress": {
    "packageId": "registry.npmjs.org/@types/js-cookie/3.0.2",
    "requester": "/Users/zhdf/Documents/outsideProject/vue3-app",
    "status": "resolved"
  },
  "41 debug pnpm:progress": {
    "packageId": "registry.npmjs.org/@types/node/16.11.39",
    "requester": "/Users/zhdf/Documents/outsideProject/vue3-app",
    "status": "found_in_store"
  },
  "42 debug pnpm:progress": {
    "packageId": "registry.npmjs.org/@types/node/16.11.39",
    "requester": "/Users/zhdf/Documents/outsideProject/vue3-app",
    "status": "resolved"
  },
  "43 debug pnpm:progress": {
    "packageId": "registry.npmjs.org/@typescript-eslint/parser/5.28.0",
    "requester": "/Users/zhdf/Documents/outsideProject/vue3-app",
    "status": "found_in_store"
  },
  "44 debug pnpm:progress": {
    "packageId": "registry.npmjs.org/@typescript-eslint/parser/5.28.0",
    "requester": "/Users/zhdf/Documents/outsideProject/vue3-app",
    "status": "resolved"
  },
  "45 debug pnpm:progress": {
    "packageId": "registry.npmjs.org/@vitejs/plugin-legacy/1.8.2",
    "requester": "/Users/zhdf/Documents/outsideProject/vue3-app",
    "status": "found_in_store"
  },
  "46 debug pnpm:progress": {
    "packageId": "registry.npmjs.org/@vitejs/plugin-legacy/1.8.2",
    "requester": "/Users/zhdf/Documents/outsideProject/vue3-app",
    "status": "resolved"
  },
  "47 debug pnpm:progress": {
    "packageId": "registry.npmjs.org/@vitejs/plugin-vue/2.3.3",
    "requester": "/Users/zhdf/Documents/outsideProject/vue3-app",
    "status": "found_in_store"
  },
  "48 debug pnpm:progress": {
    "packageId": "registry.npmjs.org/@vitejs/plugin-vue/2.3.3",
    "requester": "/Users/zhdf/Documents/outsideProject/vue3-app",
    "status": "resolved"
  },
  "49 debug pnpm:progress": {
    "packageId": "registry.npmjs.org/@vitejs/plugin-vue-jsx/1.3.10",
    "requester": "/Users/zhdf/Documents/outsideProject/vue3-app",
    "status": "found_in_store"
  },
  "50 debug pnpm:progress": {
    "packageId": "registry.npmjs.org/@vitejs/plugin-vue-jsx/1.3.10",
    "requester": "/Users/zhdf/Documents/outsideProject/vue3-app",
    "status": "resolved"
  },
  "51 debug pnpm:progress": {
    "packageId": "registry.npmjs.org/@typescript-eslint/eslint-plugin/5.28.0",
    "requester": "/Users/zhdf/Documents/outsideProject/vue3-app",
    "status": "found_in_store"
  },
  "52 debug pnpm:progress": {
    "packageId": "registry.npmjs.org/@typescript-eslint/eslint-plugin/5.28.0",
    "requester": "/Users/zhdf/Documents/outsideProject/vue3-app",
    "status": "resolved"
  },
  "53 debug pnpm:progress": {
    "packageId": "registry.npmjs.org/amfe-flexible/2.2.1",
    "requester": "/Users/zhdf/Documents/outsideProject/vue3-app",
    "status": "found_in_store"
  },
  "54 debug pnpm:progress": {
    "packageId": "registry.npmjs.org/amfe-flexible/2.2.1",
    "requester": "/Users/zhdf/Documents/outsideProject/vue3-app",
    "status": "resolved"
  },
  "55 debug pnpm:progress": {
    "packageId": "registry.npmjs.org/eslint/7.32.0",
    "requester": "/Users/zhdf/Documents/outsideProject/vue3-app",
    "status": "found_in_store"
  },
  "56 debug pnpm:progress": {
    "packageId": "registry.npmjs.org/eslint/7.32.0",
    "requester": "/Users/zhdf/Documents/outsideProject/vue3-app",
    "status": "resolved"
  },
  "57 debug pnpm:progress": {
    "packageId": "registry.npmjs.org/eslint-config-airbnb-base/14.2.1",
    "requester": "/Users/zhdf/Documents/outsideProject/vue3-app",
    "status": "found_in_store"
  },
  "58 debug pnpm:progress": {
    "packageId": "registry.npmjs.org/eslint-config-airbnb-base/14.2.1",
    "requester": "/Users/zhdf/Documents/outsideProject/vue3-app",
    "status": "resolved"
  },
  "59 debug pnpm:progress": {
    "packageId": "registry.npmjs.org/postcss-pxtorem/6.0.0",
    "requester": "/Users/zhdf/Documents/outsideProject/vue3-app",
    "status": "found_in_store"
  },
  "60 debug pnpm:progress": {
    "packageId": "registry.npmjs.org/postcss-pxtorem/6.0.0",
    "requester": "/Users/zhdf/Documents/outsideProject/vue3-app",
    "status": "resolved"
  },
  "61 debug pnpm:progress": {
    "packageId": "registry.npmjs.org/eslint-plugin-import/2.26.0",
    "requester": "/Users/zhdf/Documents/outsideProject/vue3-app",
    "status": "found_in_store"
  },
  "62 debug pnpm:progress": {
    "packageId": "registry.npmjs.org/eslint-plugin-import/2.26.0",
    "requester": "/Users/zhdf/Documents/outsideProject/vue3-app",
    "status": "resolved"
  },
  "63 debug pnpm:progress": {
    "packageId": "registry.npmjs.org/lint-staged/12.5.0",
    "requester": "/Users/zhdf/Documents/outsideProject/vue3-app",
    "status": "found_in_store"
  },
  "64 debug pnpm:progress": {
    "packageId": "registry.npmjs.org/lint-staged/12.5.0",
    "requester": "/Users/zhdf/Documents/outsideProject/vue3-app",
    "status": "resolved"
  },
  "65 debug pnpm:progress": {
    "packageId": "registry.npmjs.org/eslint-plugin-vue/8.7.1",
    "requester": "/Users/zhdf/Documents/outsideProject/vue3-app",
    "status": "found_in_store"
  },
  "66 debug pnpm:progress": {
    "packageId": "registry.npmjs.org/eslint-plugin-vue/8.7.1",
    "requester": "/Users/zhdf/Documents/outsideProject/vue3-app",
    "status": "resolved"
  },
  "67 debug pnpm:progress": {
    "packageId": "registry.npmjs.org/typescript-plugin-css-modules/3.4.0",
    "requester": "/Users/zhdf/Documents/outsideProject/vue3-app",
    "status": "found_in_store"
  },
  "68 debug pnpm:progress": {
    "packageId": "registry.npmjs.org/typescript-plugin-css-modules/3.4.0",
    "requester": "/Users/zhdf/Documents/outsideProject/vue3-app",
    "status": "resolved"
  },
  "69 debug pnpm:progress": {
    "packageId": "registry.npmjs.org/vite/2.9.12",
    "requester": "/Users/zhdf/Documents/outsideProject/vue3-app",
    "status": "found_in_store"
  },
  "70 debug pnpm:progress": {
    "packageId": "registry.npmjs.org/vite/2.9.12",
    "requester": "/Users/zhdf/Documents/outsideProject/vue3-app",
    "status": "resolved"
  },
  "71 debug pnpm:progress": {
    "packageId": "registry.npmjs.org/vite-plugin-compression/0.3.6",
    "requester": "/Users/zhdf/Documents/outsideProject/vue3-app",
    "status": "found_in_store"
  },
  "72 debug pnpm:progress": {
    "packageId": "registry.npmjs.org/vite-plugin-compression/0.3.6",
    "requester": "/Users/zhdf/Documents/outsideProject/vue3-app",
    "status": "resolved"
  },
  "73 debug pnpm:progress": {
    "packageId": "registry.npmjs.org/typescript/4.7.3",
    "requester": "/Users/zhdf/Documents/outsideProject/vue3-app",
    "status": "found_in_store"
  },
  "74 debug pnpm:progress": {
    "packageId": "registry.npmjs.org/typescript/4.7.3",
    "requester": "/Users/zhdf/Documents/outsideProject/vue3-app",
    "status": "resolved"
  },
  "75 debug pnpm:progress": {
    "packageId": "registry.npmjs.org/vite-plugin-style-import/1.4.1",
    "requester": "/Users/zhdf/Documents/outsideProject/vue3-app",
    "status": "found_in_store"
  },
  "76 debug pnpm:progress": {
    "packageId": "registry.npmjs.org/vite-plugin-style-import/1.4.1",
    "requester": "/Users/zhdf/Documents/outsideProject/vue3-app",
    "status": "resolved"
  },
  "77 debug pnpm:progress": {
    "packageId": "registry.npmjs.org/vue-tsc/0.34.17",
    "requester": "/Users/zhdf/Documents/outsideProject/vue3-app",
    "status": "found_in_store"
  },
  "78 debug pnpm:progress": {
    "packageId": "registry.npmjs.org/vue-tsc/0.34.17",
    "requester": "/Users/zhdf/Documents/outsideProject/vue3-app",
    "status": "resolved"
  },
  "79 debug pnpm:progress": {
    "packageId": "registry.npmjs.org/@ethersproject/experimental/5.6.2",
    "requester": "/Users/zhdf/Documents/outsideProject/vue3-app",
    "status": "found_in_store"
  },
  "80 debug pnpm:progress": {
    "packageId": "registry.npmjs.org/@ethersproject/experimental/5.6.2",
    "requester": "/Users/zhdf/Documents/outsideProject/vue3-app",
    "status": "resolved"
  },
  "81 debug pnpm:progress": {
    "packageId": "registry.npmjs.org/bignumber.js/9.0.2",
    "requester": "/Users/zhdf/Documents/outsideProject/vue3-app",
    "status": "found_in_store"
  },
  "82 debug pnpm:progress": {
    "packageId": "registry.npmjs.org/bignumber.js/9.0.2",
    "requester": "/Users/zhdf/Documents/outsideProject/vue3-app",
    "status": "resolved"
  },
  "83 debug pnpm:progress": {
    "packageId": "registry.npmjs.org/ethereumjs-tx/2.1.2",
    "requester": "/Users/zhdf/Documents/outsideProject/vue3-app",
    "status": "found_in_store"
  },
  "84 debug pnpm:deprecation": {
    "deprecated": "New package name format for new versions: @ethereumjs/tx. Please update.",
    "depth": 0,
    "pkgId": "registry.npmjs.org/ethereumjs-tx/2.1.2",
    "pkgName": "ethereumjs-tx",
    "pkgVersion": "2.1.2",
    "prefix": "/Users/zhdf/Documents/outsideProject/vue3-app"
  },
  "85 debug pnpm:progress": {
    "packageId": "registry.npmjs.org/ethereumjs-tx/2.1.2",
    "requester": "/Users/zhdf/Documents/outsideProject/vue3-app",
    "status": "resolved"
  },
  "86 debug pnpm:progress": {
    "packageId": "registry.npmjs.org/ethereum-input-data-decoder/0.4.1",
    "requester": "/Users/zhdf/Documents/outsideProject/vue3-app",
    "status": "found_in_store"
  },
  "87 debug pnpm:progress": {
    "packageId": "registry.npmjs.org/ethereum-input-data-decoder/0.4.1",
    "requester": "/Users/zhdf/Documents/outsideProject/vue3-app",
    "status": "resolved"
  },
  "88 debug pnpm:progress": {
    "packageId": "registry.npmjs.org/ethers/5.6.8",
    "requester": "/Users/zhdf/Documents/outsideProject/vue3-app",
    "status": "found_in_store"
  },
  "89 debug pnpm:progress": {
    "packageId": "registry.npmjs.org/ethers/5.6.8",
    "requester": "/Users/zhdf/Documents/outsideProject/vue3-app",
    "status": "resolved"
  },
  "90 debug pnpm:progress": {
    "packageId": "registry.npmjs.org/less-loader/11.0.0",
    "requester": "/Users/zhdf/Documents/outsideProject/vue3-app",
    "status": "found_in_store"
  },
  "91 debug pnpm:progress": {
    "packageId": "registry.npmjs.org/less-loader/11.0.0",
    "requester": "/Users/zhdf/Documents/outsideProject/vue3-app",
    "status": "resolved"
  },
  "92 debug pnpm:progress": {
    "packageId": "registry.npmjs.org/postcss-px2rem/0.3.0",
    "requester": "/Users/zhdf/Documents/outsideProject/vue3-app",
    "status": "found_in_store"
  },
  "93 debug pnpm:progress": {
    "packageId": "registry.npmjs.org/postcss-px2rem/0.3.0",
    "requester": "/Users/zhdf/Documents/outsideProject/vue3-app",
    "status": "resolved"
  },
  "94 debug pnpm:progress": {
    "packageId": "registry.npmjs.org/webpack/5.73.0",
    "requester": "/Users/zhdf/Documents/outsideProject/vue3-app",
    "status": "found_in_store"
  },
  "95 debug pnpm:progress": {
    "packageId": "registry.npmjs.org/webpack/5.73.0",
    "requester": "/Users/zhdf/Documents/outsideProject/vue3-app",
    "status": "resolved"
  },
  "96 debug pnpm:progress": {
    "packageId": "registry.npmjs.org/qs/6.10.5",
    "requester": "/Users/zhdf/Documents/outsideProject/vue3-app",
    "status": "found_in_store"
  },
  "97 debug pnpm:progress": {
    "packageId": "registry.npmjs.org/qs/6.10.5",
    "requester": "/Users/zhdf/Documents/outsideProject/vue3-app",
    "status": "resolved"
  },
  "98 debug pnpm:progress": {
    "packageId": "registry.npmjs.org/less/4.1.3",
    "requester": "/Users/zhdf/Documents/outsideProject/vue3-app",
    "status": "found_in_store"
  },
  "99 debug pnpm:progress": {
    "packageId": "registry.npmjs.org/less/4.1.3",
    "requester": "/Users/zhdf/Documents/outsideProject/vue3-app",
    "status": "resolved"
  },
  "100 debug pnpm:progress": {
    "packageId": "registry.npmjs.org/vue/3.2.37",
    "requester": "/Users/zhdf/Documents/outsideProject/vue3-app",
    "status": "found_in_store"
  },
  "101 debug pnpm:progress": {
    "packageId": "registry.npmjs.org/vue/3.2.37",
    "requester": "/Users/zhdf/Documents/outsideProject/vue3-app",
    "status": "resolved"
  },
  "102 debug pnpm:progress": {
    "packageId": "registry.npmjs.org/vue-router/4.0.16",
    "requester": "/Users/zhdf/Documents/outsideProject/vue3-app",
    "status": "found_in_store"
  },
  "103 debug pnpm:progress": {
    "packageId": "registry.npmjs.org/vue-router/4.0.16",
    "requester": "/Users/zhdf/Documents/outsideProject/vue3-app",
    "status": "resolved"
  },
  "104 debug pnpm:progress": {
    "packageId": "registry.npmjs.org/vuex/4.0.2",
    "requester": "/Users/zhdf/Documents/outsideProject/vue3-app",
    "status": "found_in_store"
  },
  "105 debug pnpm:progress": {
    "packageId": "registry.npmjs.org/vuex/4.0.2",
    "requester": "/Users/zhdf/Documents/outsideProject/vue3-app",
    "status": "resolved"
  },
  "106 debug pnpm:progress": {
    "packageId": "registry.npmjs.org/vant/3.5.1",
    "requester": "/Users/zhdf/Documents/outsideProject/vue3-app",
    "status": "found_in_store"
  },
  "107 debug pnpm:progress": {
    "packageId": "registry.npmjs.org/vant/3.5.1",
    "requester": "/Users/zhdf/Documents/outsideProject/vue3-app",
    "status": "resolved"
  },
  "108 debug pnpm:progress": {
    "packageId": "registry.npmjs.org/web3/1.7.3",
    "requester": "/Users/zhdf/Documents/outsideProject/vue3-app",
    "status": "found_in_store"
  },
  "109 debug pnpm:progress": {
    "packageId": "registry.npmjs.org/web3/1.7.3",
    "requester": "/Users/zhdf/Documents/outsideProject/vue3-app",
    "status": "resolved"
  },
  "110 error pnpm": {
    "shortMessage": "Command failed with exit code 128: /usr/local/bin/git ls-remote git+ssh://git@github.com/unplugin-vue-components/vite.git HEAD",
    "command": "/usr/local/bin/git ls-remote git+ssh://git@github.com/unplugin-vue-components/vite.git HEAD",
    "escapedCommand": "\"/usr/local/bin/git\" ls-remote \"git+ssh://git@github.com/unplugin-vue-components/vite.git\" HEAD",
    "exitCode": 128,
    "stdout": "",
    "stderr": "ERROR: Repository not found.\nfatal: Could not read from remote repository.\n\nPlease make sure you have the correct access rights\nand the repository exists.",
    "failed": true,
    "timedOut": false,
    "isCanceled": false,
    "killed": false,
    "pkgsStack": [],
    "err": {
      "name": "pnpm",
      "message": "Command failed with exit code 128: /usr/local/bin/git ls-remote git+ssh://git@github.com/unplugin-vue-components/vite.git HEAD\nERROR: Repository not found.\nfatal: Could not read from remote repository.\n\nPlease make sure you have the correct access rights\nand the repository exists.",
      "stack": "pnpm: Command failed with exit code 128: /usr/local/bin/git ls-remote git+ssh://git@github.com/unplugin-vue-components/vite.git HEAD\nERROR: Repository not found.\nfatal: Could not read from remote repository.\n\nPlease make sure you have the correct access rights\nand the repository exists.\n    at makeError (/Users/zhdf/.nvm/versions/node/v16.13.2/lib/node_modules/pnpm/dist/pnpm.cjs:42676:17)\n    at handlePromise (/Users/zhdf/.nvm/versions/node/v16.13.2/lib/node_modules/pnpm/dist/pnpm.cjs:43247:33)\n    at processTicksAndRejections (node:internal/process/task_queues:96:5)\n    at async getRepoRefs (/Users/zhdf/.nvm/versions/node/v16.13.2/lib/node_modules/pnpm/dist/pnpm.cjs:83824:23)\n    at async resolveRef (/Users/zhdf/.nvm/versions/node/v16.13.2/lib/node_modules/pnpm/dist/pnpm.cjs:83836:20)\n    at async resolveGit (/Users/zhdf/.nvm/versions/node/v16.13.2/lib/node_modules/pnpm/dist/pnpm.cjs:83787:24)\n    at async Object.resolve (/Users/zhdf/.nvm/versions/node/v16.13.2/lib/node_modules/pnpm/dist/pnpm.cjs:84942:162)\n    at async run (/Users/zhdf/.nvm/versions/node/v16.13.2/lib/node_modules/pnpm/dist/pnpm.cjs:91747:23)"
    }
  }
}